<?xml version="1.0" encoding="UTF-8"?>
<testsuite name="us.codecraft.webmagic.HtmlTest" time="0.009" tests="6" errors="0" skipped="1" failures="0">
  <properties>
    <property name="java.runtime.name" value="Java(TM) SE Runtime Environment"/>
    <property name="sun.boot.library.path" value="C:\Program Files\Java\jdk1.8.0_131\jre\bin"/>
    <property name="java.vm.version" value="25.131-b11"/>
    <property name="java.vm.vendor" value="Oracle Corporation"/>
    <property name="maven.multiModuleProjectDirectory" value="E:\Study\webmagic-core"/>
    <property name="java.vendor.url" value="http://java.oracle.com/"/>
    <property name="path.separator" value=";"/>
    <property name="guice.disable.misplaced.annotation.check" value="true"/>
    <property name="java.vm.name" value="Java HotSpot(TM) 64-Bit Server VM"/>
    <property name="file.encoding.pkg" value="sun.io"/>
    <property name="user.script" value=""/>
    <property name="user.country" value="CN"/>
    <property name="sun.java.launcher" value="SUN_STANDARD"/>
    <property name="sun.os.patch.level" value="Service Pack 1"/>
    <property name="java.vm.specification.name" value="Java Virtual Machine Specification"/>
    <property name="user.dir" value="E:\Study\webmagic-core"/>
    <property name="java.runtime.version" value="1.8.0_131-b11"/>
    <property name="java.awt.graphicsenv" value="sun.awt.Win32GraphicsEnvironment"/>
    <property name="basedir" value="E:\Study\webmagic-core"/>
    <property name="java.endorsed.dirs" value="C:\Program Files\Java\jdk1.8.0_131\jre\lib\endorsed"/>
    <property name="os.arch" value="amd64"/>
    <property name="java.io.tmpdir" value="C:\Users\ADMINI~1\AppData\Local\Temp\"/>
    <property name="line.separator" value="&#10;"/>
    <property name="java.vm.specification.vendor" value="Oracle Corporation"/>
    <property name="user.variant" value=""/>
    <property name="os.name" value="Windows 7"/>
    <property name="maven.ext.class.path" value="D:\Program Files\JetBrains\IntelliJ IDEA 2019.3.1\plugins\maven\lib\maven-event-listener.jar"/>
    <property name="classworlds.conf" value="D:\apache-maven-3.5.2\bin\m2.conf"/>
    <property name="sun.jnu.encoding" value="GBK"/>
    <property name="java.library.path" value="C:\Program Files\Java\jdk1.8.0_131\bin;C:\Windows\Sun\Java\bin;C:\Windows\system32;C:\Windows;C:\ProgramData\Oracle\Java\javapath;C:\Windows\system32;C:\Windows;C:\Windows\System32\Wbem;C:\Windows\System32\WindowsPowerShell\v1.0\;C:\Program Files (x86)\NVIDIA Corporation\PhysX\Common;C:\Program Files\NVIDIA Corporation\NVIDIA NvDLISR;C:\Program Files\Java\jdk1.8.0_131\bin;C:\Program Files\Java\jdk1.8.0_131\jre\bin;D:\apache-maven-3.5.2\bin\;C:\Program Files\MySQL\MySQL Server 8.0\bin;C:\Program Files\nodejs\;C:\Program Files\VisualSVN Server\bin;C:\Program Files\TortoiseSVN\bin;C:\Program Files\Apache Software Foundation\Tomcat 7.0\lib; C:\Program Files\Apache Software Foundation\Tomcat 7.0\lib\servlet-api.jar;C:\Program Files\Apache Software Foundation\Tomcat 7.0\lib\jsp-api.jar;D:\Program Files\TortoiseGit\bin;D:\Program Files\Git\cmd;C:\Program Files\PuTTY;C:\Program Files\erl10.4\bin;D:\Program Files\Microsoft VS Code\bin;C:\Users\Administrator\AppData\Local\Programs\Python\Python37-32\Scripts\;C:\Users\Administrator\AppData\Local\Programs\Python\Python37-32\;C:\Users\Administrator\AppData\Roaming\npm;."/>
    <property name="surefire.test.class.path" value="E:\Study\webmagic-core\target\test-classes;E:\Study\webmagic-core\target\classes;D:\m2\repository\org\apache\httpcomponents\httpclient\4.5.2\httpclient-4.5.2.jar;D:\m2\repository\org\apache\httpcomponents\httpcore\4.4.4\httpcore-4.4.4.jar;D:\m2\repository\commons-logging\commons-logging\1.2\commons-logging-1.2.jar;D:\m2\repository\commons-codec\commons-codec\1.9\commons-codec-1.9.jar;D:\m2\repository\junit\junit\4.11\junit-4.11.jar;D:\m2\repository\org\hamcrest\hamcrest-core\1.3\hamcrest-core-1.3.jar;D:\m2\repository\org\apache\commons\commons-lang3\3.1\commons-lang3-3.1.jar;D:\m2\repository\us\codecraft\xsoup\0.3.1\xsoup-0.3.1.jar;D:\m2\repository\com\github\dreamhead\moco-core\0.11.0\moco-core-0.11.0.jar;D:\m2\repository\io\netty\netty-codec-http\4.0.36.Final\netty-codec-http-4.0.36.Final.jar;D:\m2\repository\io\netty\netty-codec\4.0.36.Final\netty-codec-4.0.36.Final.jar;D:\m2\repository\io\netty\netty-transport\4.0.36.Final\netty-transport-4.0.36.Final.jar;D:\m2\repository\io\netty\netty-handler\4.0.36.Final\netty-handler-4.0.36.Final.jar;D:\m2\repository\io\netty\netty-buffer\4.0.36.Final\netty-buffer-4.0.36.Final.jar;D:\m2\repository\io\netty\netty-common\4.0.36.Final\netty-common-4.0.36.Final.jar;D:\m2\repository\org\freemarker\freemarker\2.3.23\freemarker-2.3.23.jar;D:\m2\repository\com\google\guava\guava\15.0\guava-15.0.jar;D:\m2\repository\com\fasterxml\jackson\core\jackson-databind\2.7.4\jackson-databind-2.7.4.jar;D:\m2\repository\com\fasterxml\jackson\core\jackson-annotations\2.7.0\jackson-annotations-2.7.0.jar;D:\m2\repository\com\fasterxml\jackson\core\jackson-core\2.7.4\jackson-core-2.7.4.jar;D:\m2\repository\org\slf4j\slf4j-api\1.7.6\slf4j-api-1.7.6.jar;D:\m2\repository\org\mockito\mockito-all\1.10.19\mockito-all-1.10.19.jar;D:\m2\repository\org\slf4j\slf4j-log4j12\1.7.6\slf4j-log4j12-1.7.6.jar;D:\m2\repository\log4j\log4j\1.2.17\log4j-1.2.17.jar;D:\m2\repository\commons-collections\commons-collections\3.2.2\commons-collections-3.2.2.jar;D:\m2\repository\org\assertj\assertj-core\1.5.0\assertj-core-1.5.0.jar;D:\m2\repository\org\jsoup\jsoup\1.10.3\jsoup-1.10.3.jar;D:\m2\repository\commons-io\commons-io\1.3.2\commons-io-1.3.2.jar;D:\m2\repository\com\jayway\jsonpath\json-path\2.4.0\json-path-2.4.0.jar;D:\m2\repository\net\minidev\json-smart\2.3\json-smart-2.3.jar;D:\m2\repository\net\minidev\accessors-smart\1.2\accessors-smart-1.2.jar;D:\m2\repository\org\ow2\asm\asm\5.0.4\asm-5.0.4.jar;D:\m2\repository\com\alibaba\fastjson\1.2.28\fastjson-1.2.28.jar;"/>
    <property name="sun.nio.ch.bugLevel" value=""/>
    <property name="maven.conf" value="D:\apache-maven-3.5.2/conf"/>
    <property name="java.specification.name" value="Java Platform API Specification"/>
    <property name="java.class.version" value="52.0"/>
    <property name="sun.management.compiler" value="HotSpot 64-Bit Tiered Compilers"/>
    <property name="os.version" value="6.1"/>
    <property name="idea.version2019.3.1" value="true"/>
    <property name="user.home" value="C:\Users\Administrator"/>
    <property name="user.timezone" value="Asia/Shanghai"/>
    <property name="java.awt.printerjob" value="sun.awt.windows.WPrinterJob"/>
    <property name="java.specification.version" value="1.8"/>
    <property name="file.encoding" value="UTF-8"/>
    <property name="user.name" value="Administrator"/>
    <property name="java.class.path" value="D:\apache-maven-3.5.2\boot\plexus-classworlds-2.5.2.jar;D:\Program Files\JetBrains\IntelliJ IDEA 2019.3.1\lib\idea_rt.jar"/>
    <property name="java.vm.specification.version" value="1.8"/>
    <property name="sun.arch.data.model" value="64"/>
    <property name="java.home" value="C:\Program Files\Java\jdk1.8.0_131\jre"/>
    <property name="sun.java.command" value="org.codehaus.classworlds.Launcher -Didea.version2019.3.1 install"/>
    <property name="java.specification.vendor" value="Oracle Corporation"/>
    <property name="user.language" value="zh"/>
    <property name="awt.toolkit" value="sun.awt.windows.WToolkit"/>
    <property name="java.vm.info" value="mixed mode"/>
    <property name="java.version" value="1.8.0_131"/>
    <property name="java.ext.dirs" value="C:\Program Files\Java\jdk1.8.0_131\jre\lib\ext;C:\Windows\Sun\Java\lib\ext"/>
    <property name="sun.boot.class.path" value="C:\Program Files\Java\jdk1.8.0_131\jre\lib\resources.jar;C:\Program Files\Java\jdk1.8.0_131\jre\lib\rt.jar;C:\Program Files\Java\jdk1.8.0_131\jre\lib\sunrsasign.jar;C:\Program Files\Java\jdk1.8.0_131\jre\lib\jsse.jar;C:\Program Files\Java\jdk1.8.0_131\jre\lib\jce.jar;C:\Program Files\Java\jdk1.8.0_131\jre\lib\charsets.jar;C:\Program Files\Java\jdk1.8.0_131\jre\lib\jfr.jar;C:\Program Files\Java\jdk1.8.0_131\jre\classes"/>
    <property name="java.vendor" value="Oracle Corporation"/>
    <property name="maven.home" value="D:\apache-maven-3.5.2"/>
    <property name="localRepository" value="D:\m2\repository"/>
    <property name="file.separator" value="\"/>
    <property name="java.vendor.url.bug" value="http://bugreport.sun.com/bugreport/"/>
    <property name="sun.cpu.endian" value="little"/>
    <property name="sun.io.unicode.encoding" value="UnicodeLittle"/>
    <property name="sun.desktop" value="windows"/>
    <property name="sun.cpu.isalist" value="amd64"/>
  </properties>
  <testcase name="testEnableJsoupHtmlEntityEscape" classname="us.codecraft.webmagic.HtmlTest" time="0"/>
  <testcase name="testRegexSelector" classname="us.codecraft.webmagic.HtmlTest" time="0"/>
  <testcase name="testAHrefExtract" classname="us.codecraft.webmagic.HtmlTest" time="0.007"/>
  <testcase name="testNthNodesGet" classname="us.codecraft.webmagic.HtmlTest" time="0.001"/>
  <testcase name="testDisableJsoupHtmlEntityEscape" classname="us.codecraft.webmagic.HtmlTest" time="0">
    <skipped message="not work in jsoup 1.8.x"/>
  </testcase>
  <testcase name="testGetHrefsByJsoup" classname="us.codecraft.webmagic.HtmlTest" time="0.001"/>
</testsuite>